Determining if the pthread_create exist failed with the following output:
Change Dir: /home/yuwei/Desktop/companion_robot/jetson_ws/build/CMakeFiles/CMakeTmp

Run Build Command:"/usr/bin/make" "cmTC_186ae/fast"
/usr/bin/make -f CMakeFiles/cmTC_186ae.dir/build.make CMakeFiles/cmTC_186ae.dir/build
make[1]: Entering directory '/home/yuwei/Desktop/companion_robot/jetson_ws/build/CMakeFiles/CMakeTmp'
Building C object CMakeFiles/cmTC_186ae.dir/CheckSymbolExists.c.o
/usr/bin/cc    -o CMakeFiles/cmTC_186ae.dir/CheckSymbolExists.c.o   -c /home/yuwei/Desktop/companion_robot/jetson_ws/build/CMakeFiles/CMakeTmp/CheckSymbolExists.c
Linking C executable cmTC_186ae
/usr/bin/cmake -E cmake_link_script CMakeFiles/cmTC_186ae.dir/link.txt --verbose=1
/usr/bin/cc      -rdynamic CMakeFiles/cmTC_186ae.dir/CheckSymbolExists.c.o  -o cmTC_186ae 
CMakeFiles/cmTC_186ae.dir/CheckSymbolExists.c.o: In function `main':
CheckSymbolExists.c:(.text+0x14): undefined reference to `pthread_create'
CheckSymbolExists.c:(.text+0x18): undefined reference to `pthread_create'
collect2: error: ld returned 1 exit status
CMakeFiles/cmTC_186ae.dir/build.make:97: recipe for target 'cmTC_186ae' failed
make[1]: *** [cmTC_186ae] Error 1
make[1]: Leaving directory '/home/yuwei/Desktop/companion_robot/jetson_ws/build/CMakeFiles/CMakeTmp'
Makefile:126: recipe for target 'cmTC_186ae/fast' failed
make: *** [cmTC_186ae/fast] Error 2

File /home/yuwei/Desktop/companion_robot/jetson_ws/build/CMakeFiles/CMakeTmp/CheckSymbolExists.c:
/* */
#include <pthread.h>

int main(int argc, char** argv)
{
  (void)argv;
#ifndef pthread_create
  return ((int*)(&pthread_create))[argc];
#else
  (void)argc;
  return 0;
#endif
}

Determining if the function pthread_create exists in the pthreads failed with the following output:
Change Dir: /home/yuwei/Desktop/companion_robot/jetson_ws/build/CMakeFiles/CMakeTmp

Run Build Command:"/usr/bin/make" "cmTC_4549d/fast"
/usr/bin/make -f CMakeFiles/cmTC_4549d.dir/build.make CMakeFiles/cmTC_4549d.dir/build
make[1]: Entering directory '/home/yuwei/Desktop/companion_robot/jetson_ws/build/CMakeFiles/CMakeTmp'
Building C object CMakeFiles/cmTC_4549d.dir/CheckFunctionExists.c.o
/usr/bin/cc   -DCHECK_FUNCTION_EXISTS=pthread_create   -o CMakeFiles/cmTC_4549d.dir/CheckFunctionExists.c.o   -c /usr/share/cmake-3.10/Modules/CheckFunctionExists.c
Linking C executable cmTC_4549d
/usr/bin/cmake -E cmake_link_script CMakeFiles/cmTC_4549d.dir/link.txt --verbose=1
/usr/bin/cc  -DCHECK_FUNCTION_EXISTS=pthread_create    -rdynamic CMakeFiles/cmTC_4549d.dir/CheckFunctionExists.c.o  -o cmTC_4549d -lpthreads 
/usr/bin/ld: cannot find -lpthreads
collect2: error: ld returned 1 exit status
CMakeFiles/cmTC_4549d.dir/build.make:97: recipe for target 'cmTC_4549d' failed
make[1]: *** [cmTC_4549d] Error 1
make[1]: Leaving directory '/home/yuwei/Desktop/companion_robot/jetson_ws/build/CMakeFiles/CMakeTmp'
Makefile:126: recipe for target 'cmTC_4549d/fast' failed
make: *** [cmTC_4549d/fast] Error 2


